<?xml version="1.0" encoding="utf-8"?><testsuites name="pytest tests"><testsuite name="pytest" errors="0" failures="0" skipped="0" tests="14" time="0.967" timestamp="2026-05-23T11:08:48.531477+00:00" hostname="agent-env-019fe85b-2f18-48c5-ba23-b1f9933e46a7"><testcase classname="backend.tests.test_apex_omega.TestHealth" name="test_health" time="0.199" /><testcase classname="backend.tests.test_apex_omega.TestHealth" name="test_status" time="0.047" /><testcase classname="backend.tests.test_apex_omega.TestGraph" name="test_graph_pools" time="0.050" /><testcase classname="backend.tests.test_apex_omega.TestDiscovery" name="test_scan_returns_opportunities" time="0.057" /><testcase classname="backend.tests.test_apex_omega.TestDiscovery" name="test_opportunity_fields" time="0.000" /><testcase classname="backend.tests.test_apex_omega.TestDiscovery" name="test_list_opportunities" time="0.048" /><testcase classname="backend.tests.test_apex_omega.TestRisk" name="test_risk_for_known_opp" time="0.046" /><testcase classname="backend.tests.test_apex_omega.TestRisk" name="test_risk_404" time="0.045" /><testcase classname="backend.tests.test_apex_omega.TestPipeline" name="test_pipeline_full" time="0.046" /><testcase classname="backend.tests.test_apex_omega.TestPipeline" name="test_pipeline_404" time="0.048" /><testcase classname="backend.tests.test_apex_omega.TestCyclesAndTelemetry" name="test_list_cycles" time="0.059" /><testcase classname="backend.tests.test_apex_omega.TestCyclesAndTelemetry" name="test_cycle_detail" time="0.047" /><testcase classname="backend.tests.test_apex_omega.TestCyclesAndTelemetry" name="test_cycle_detail_404" time="0.046" /><testcase classname="backend.tests.test_apex_omega.TestCyclesAndTelemetry" name="test_telemetry" time="0.048" /></testsuite></testsuites>